<?xml version="1.0" encoding="UTF-8"?>
<!-- Generated by org.testng.reporters.JUnitReportReporter -->
<testsuite skipped="0" hostname="Hp" name="hello.hello" tests="1" failures="0" timestamp="25 Dec 2018 19:14:36 GMT" time="0.017" errors="0">
  <testcase name="testa" time="0.017" classname="hello.hello"/>
</testsuite> <!-- hello.hello -->
