<?xml version="1.0" encoding="UTF-8"?>
<!-- Generated by org.testng.reporters.JUnitReportReporter -->
<testsuite skipped="0" hostname="Hp" name="com.actitime.tests.validLoginLogoutTest" tests="1" failures="0" timestamp="26 Dec 2018 16:47:44 GMT" time="15.810" errors="0">
  <testcase name="testValidLoginLogout" time="15.810" classname="com.actitime.tests.validLoginLogoutTest"/>
</testsuite> <!-- com.actitime.tests.validLoginLogoutTest -->
