<?xml version="1.0" encoding="UTF-8"?>
<!-- Generated by org.testng.reporters.JUnitReportReporter -->
<testsuite skipped="0" hostname="Hp" name="com.actitime.tests.buildTest" tests="1" failures="0" timestamp="26 Dec 2018 16:47:44 GMT" time="8.946" errors="0">
  <testcase name="testBuild" time="8.946" classname="com.actitime.tests.buildTest"/>
</testsuite> <!-- com.actitime.tests.buildTest -->
