<?xml version="1.0" encoding="UTF-8"?>
<!-- Generated by org.testng.reporters.JUnitReportReporter -->
<testsuite skipped="0" hostname="Hp" name="com.actitime.tests.versionTest" tests="1" failures="0" timestamp="26 Dec 2018 16:47:44 GMT" time="6.289" errors="0">
  <testcase name="testVerifyVersion" time="6.289" classname="com.actitime.tests.versionTest"/>
</testsuite> <!-- com.actitime.tests.versionTest -->
