<?xml version="1.0" encoding="UTF-8"?>
<!-- Generated by org.testng.reporters.JUnitReportReporter -->
<testsuite skipped="0" hostname="Hp" name="com.actitime.tests.invalidLoginTest" tests="1" failures="0" timestamp="26 Dec 2018 16:47:44 GMT" time="16.510" errors="0">
  <testcase name="testInvalidlogin" time="16.510" classname="com.actitime.tests.invalidLoginTest"/>
</testsuite> <!-- com.actitime.tests.invalidLoginTest -->
